SF:lib\core\error\failure.dart
DA:5,9
DA:9,0
DA:10,0
DA:14,0
DA:22,1
DA:29,0
DA:35,7
LF:7
LH:3
end_of_record
SF:lib\features\auth\domain\entity\auth_entity.dart
DA:12,5
DA:20,0
DA:21,0
DA:22,0
DA:23,0
DA:24,0
DA:25,0
DA:29,1
DA:36,0
DA:37,0
LF:10
LH:2
end_of_record
SF:lib\features\auth\domain\usecase\update_user_usecase.dart
DA:10,1
DA:12,1
DA:14,2
LF:3
LH:3
end_of_record
SF:lib\features\auth\domain\usecase\get_all_users_usecase.dart
DA:10,1
DA:12,1
DA:14,2
LF:3
LH:3
end_of_record
SF:lib\features\auth\domain\usecase\get_current_user_usecase.dart
DA:10,1
DA:12,1
DA:14,2
LF:3
LH:3
end_of_record
SF:lib\features\auth\domain\usecase\get_user_by_id.dart
DA:10,1
DA:12,1
DA:14,2
LF:3
LH:3
end_of_record
SF:lib\features\auth\domain\usecase\login_user_usecase.dart
DA:12,3
DA:18,0
DA:22,0
DA:23,0
DA:30,1
DA:32,1
DA:35,6
DA:36,1
DA:37,0
DA:38,1
DA:39,2
DA:43,1
LF:12
LH:8
end_of_record
SF:lib\app\shared_prefs\token_shared_prefs.dart
DA:8,0
DA:10,0
DA:12,0
DA:15,0
DA:19,0
DA:21,0
DA:22,0
DA:24,0
LF:8
LH:0
end_of_record
SF:lib\features\auth\domain\usecase\register_user_usecase.dart
DA:14,2
DA:22,0
DA:30,1
DA:36,0
DA:37,0
DA:43,1
DA:45,1
DA:47,1
DA:48,1
DA:49,1
DA:50,1
DA:51,1
DA:53,2
LF:13
LH:10
end_of_record
SF:lib\features\auth\domain\usecase\update_profile_picture_usecase.dart
DA:11,1
DA:13,1
DA:15,2
LF:3
LH:3
end_of_record
SF:lib\features\auth\domain\usecase\delete_user_usecase.dart
DA:9,1
DA:11,1
DA:13,2
LF:3
LH:3
end_of_record
SF:lib\features\auth\domain\usecase\upload_image_usecase.dart
DA:11,2
DA:20,1
DA:22,1
DA:24,3
LF:4
LH:4
end_of_record
SF:lib\features\auth\presentation\view_model\login\login_state.dart
DA:35,2
DA:37,1
DA:41,1
DA:42,1
DA:43,0
DA:44,1
DA:48,1
DA:49,3
LF:8
LH:7
end_of_record
SF:lib\features\auth\presentation\view_model\login\login_event.dart
DA:114,3
DA:116,0
DA:117,0
DA:124,1
DA:129,0
DA:130,0
DA:136,1
DA:138,0
DA:139,0
DA:143,0
DA:144,0
LF:11
LH:3
end_of_record
SF:lib\features\auth\presentation\view_model\login\login_bloc.dart
DA:108,1
DA:113,2
DA:114,2
DA:115,3
DA:117,2
DA:118,3
DA:121,1
DA:122,1
DA:123,3
DA:125,1
DA:127,1
DA:128,3
DA:130,1
DA:132,2
DA:137,2
DA:141,2
LF:16
LH:16
end_of_record
SF:lib\features\home\presentation\view_model\home_cubit.dart
DA:5,0
DA:7,0
DA:8,0
DA:11,0
DA:13,0
LF:5
LH:0
end_of_record
SF:lib\features\home\presentation\view_model\home_state.dart
DA:8,1
DA:14,0
DA:34,0
DA:39,0
DA:40,0
DA:41,0
DA:45,0
DA:46,0
LF:8
LH:1
end_of_record
SF:lib\features\auth\presentation\view_model\signup\register_event.dart
DA:4,1
DA:6,0
DA:7,0
DA:15,1
DA:28,1
LF:5
LH:3
end_of_record
SF:lib\features\auth\presentation\view_model\signup\register_state.dart
DA:43,2
DA:50,2
DA:57,1
DA:63,1
DA:64,0
DA:65,1
DA:66,1
DA:67,1
DA:71,1
DA:72,5
LF:10
LH:9
end_of_record
SF:lib\features\auth\presentation\view_model\signup\register_bloc.dart
DA:16,1
DA:21,1
DA:22,2
DA:23,2
DA:26,1
DA:30,2
DA:31,0
DA:32,0
DA:35,3
DA:36,3
DA:37,1
DA:38,1
DA:39,1
DA:40,2
DA:42,5
DA:43,1
DA:44,3
DA:49,1
DA:53,3
DA:54,3
DA:55,1
DA:57,5
DA:58,1
DA:59,3
LF:24
LH:22
end_of_record
SF:lib\core\common\snackbar\snackbar.dart
DA:3,0
DA:8,0
DA:10,0
DA:11,0
DA:12,0
LF:5
LH:0
end_of_record
